<?xml version="1.0" encoding="UTF-8"?>
<!-- Generated by org.testng.reporters.JUnitXMLReporter -->
<testsuite hostname="DESKTOP-RT6OC3H" name="GoogleSearch" tests="1" failures="1" timestamp="23 May 2020 22:43:01 GMT" time="22.503" errors="0">
  <testcase name="test_SearchGoogle" time="8.29" classname="web.GoogleSearch">
    <failure type="java.lang.AssertionError" message="expected [3] but found [13]">
      <![CDATA[java.lang.AssertionError: expected [3] but found [13]
	at web.GoogleSearch.test_SearchGoogle(GoogleSearch.java:22)
... Removed 30 stack frames]]>
    </failure>
  </testcase> <!-- test_SearchGoogle -->
</testsuite> <!-- GoogleSearch -->
