<?xml version="1.0" encoding="UTF-8"?>
<!-- Generated by org.testng.reporters.JUnitXMLReporter -->
<testsuite hostname="DESKTOP-RT6OC3H" ignored="0" name="Test" tests="1" failures="1" timestamp="2020-05-21T17:33:59 EET" time="24.691" errors="0">
  <testcase name="test_1" time="5.77" classname="web.GoogleSearch">
    <failure type="java.lang.AssertionError" message="expected:&amp;lt;3&amp;gt; but was:&amp;lt;14&amp;gt;">
      <![CDATA[java.lang.AssertionError: expected:<3> but was:<14>
at org.junit.Assert.fail(Assert.java:93)
at org.junit.Assert.failNotEquals(Assert.java:647)
at org.junit.Assert.assertEquals(Assert.java:128)
at org.junit.Assert.assertEquals(Assert.java:472)
at org.junit.Assert.assertEquals(Assert.java:456)
at web.GoogleSearch.test_1(GoogleSearch.java:33)
at java.util.ArrayList.forEach(ArrayList.java:1257)
... Removed 31 stack frames]]>
    </failure>
  </testcase> <!-- test_1 -->
</testsuite> <!-- Test -->
