<?xml version="1.0" encoding="UTF-8"?>
<testng-results skipped="0" failed="1" total="4" passed="3">
  <reporter-output>
  </reporter-output>
  <suite name="Suite" duration-ms="72528" started-at="2020-05-23T22:42:39Z" finished-at="2020-05-23T22:43:51Z">
    <groups>
    </groups>
    <test name="GoogleSearch" duration-ms="22503" started-at="2020-05-23T22:42:39Z" finished-at="2020-05-23T22:43:01Z">
      <class name="web.GoogleSearch">
        <test-method status="PASS" signature="setup(java.lang.String, java.lang.String, java.lang.reflect.Method)[pri:0, instance:web.GoogleSearch@58ceff1]" name="setup" is-config="true" duration-ms="12921" started-at="2020-05-24T00:42:39Z" finished-at="2020-05-24T00:42:52Z">
          <params>
            <param index="0">
              <value>
                <![CDATA[https://www.google.com/ncr]]>
              </value>
            </param>
            <param index="1">
              <value>
                <![CDATA[chrome]]>
              </value>
            </param>
            <param index="2">
              <value>
                <![CDATA[public void web.GoogleSearch.test_SearchGoogle()]]>
              </value>
            </param>
          </params>
          <reporter-output>
          </reporter-output>
        </test-method> <!-- setup -->
        <test-method status="FAIL" signature="test_SearchGoogle()[pri:0, instance:web.GoogleSearch@58ceff1]" name="test_SearchGoogle" duration-ms="8290" started-at="2020-05-24T00:42:52Z" finished-at="2020-05-24T00:43:00Z">
          <exception class="java.lang.AssertionError">
            <message>
              <![CDATA[expected [3] but found [13]]]>
            </message>
            <full-stacktrace>
              <![CDATA[java.lang.AssertionError: expected [3] but found [13]
	at org.testng.Assert.fail(Assert.java:94)
	at org.testng.Assert.failNotEquals(Assert.java:513)
	at org.testng.Assert.assertEqualsImpl(Assert.java:135)
	at org.testng.Assert.assertEquals(Assert.java:116)
	at org.testng.Assert.assertEquals(Assert.java:190)
	at org.testng.Assert.assertEquals(Assert.java:200)
	at web.GoogleSearch.test_SearchGoogle(GoogleSearch.java:22)
	at sun.reflect.NativeMethodAccessorImpl.invoke0(Native Method)
	at sun.reflect.NativeMethodAccessorImpl.invoke(NativeMethodAccessorImpl.java:62)
	at sun.reflect.DelegatingMethodAccessorImpl.invoke(DelegatingMethodAccessorImpl.java:43)
	at java.lang.reflect.Method.invoke(Method.java:498)
	at org.testng.internal.MethodInvocationHelper.invokeMethod(MethodInvocationHelper.java:86)
	at org.testng.internal.Invoker.invokeMethod(Invoker.java:645)
	at org.testng.internal.Invoker.invokeTestMethod(Invoker.java:822)
	at org.testng.internal.Invoker.invokeTestMethods(Invoker.java:1130)
	at org.testng.internal.TestMethodWorker.invokeTestMethods(TestMethodWorker.java:129)
	at org.testng.internal.TestMethodWorker.run(TestMethodWorker.java:112)
	at org.testng.TestRunner.privateRun(TestRunner.java:782)
	at org.testng.TestRunner.run(TestRunner.java:632)
	at org.testng.SuiteRunner.runTest(SuiteRunner.java:366)
	at org.testng.SuiteRunner.runSequentially(SuiteRunner.java:361)
	at org.testng.SuiteRunner.privateRun(SuiteRunner.java:319)
	at org.testng.SuiteRunner.run(SuiteRunner.java:268)
	at org.testng.SuiteRunnerWorker.runSuite(SuiteRunnerWorker.java:52)
	at org.testng.SuiteRunnerWorker.run(SuiteRunnerWorker.java:86)
	at org.testng.TestNG.runSuitesSequentially(TestNG.java:1244)
	at org.testng.TestNG.runSuitesLocally(TestNG.java:1169)
	at org.testng.TestNG.run(TestNG.java:1064)
	at org.testng.remote.RemoteTestNG.run(RemoteTestNG.java:113)
	at org.testng.remote.RemoteTestNG.initAndRun(RemoteTestNG.java:206)
	at org.testng.remote.RemoteTestNG.main(RemoteTestNG.java:177)
]]>
            </full-stacktrace>
          </exception> <!-- java.lang.AssertionError -->
          <reporter-output>
          </reporter-output>
        </test-method> <!-- test_SearchGoogle -->
        <test-method status="PASS" signature="teardown(org.testng.ITestResult, java.lang.reflect.Method)[pri:0, instance:web.GoogleSearch@58ceff1]" name="teardown" is-config="true" duration-ms="1278" started-at="2020-05-24T00:43:00Z" finished-at="2020-05-24T00:43:01Z">
          <params>
            <param index="0">
              <value>
                <![CDATA[[TestResult name=test_SearchGoogle status=FAILURE method=GoogleSearch.test_SearchGoogle()[pri:0, instance:web.GoogleSearch@58ceff1] output={null}]]]>
              </value>
            </param>
            <param index="1">
              <value>
                <![CDATA[public void web.GoogleSearch.test_SearchGoogle()]]>
              </value>
            </param>
          </params>
          <reporter-output>
          </reporter-output>
        </test-method> <!-- teardown -->
      </class> <!-- web.GoogleSearch -->
    </test> <!-- GoogleSearch -->
    <test name="Herokuapp" duration-ms="43450" started-at="2020-05-23T22:43:01Z" finished-at="2020-05-23T22:43:45Z">
      <class name="web.HerokuappTests">
        <test-method status="PASS" signature="setup(java.lang.String, java.lang.String, java.lang.reflect.Method)[pri:0, instance:web.HerokuappTests@71be98f5]" name="setup" is-config="true" duration-ms="15174" started-at="2020-05-24T00:43:01Z" finished-at="2020-05-24T00:43:16Z">
          <params>
            <param index="0">
              <value>
                <![CDATA[https://the-internet.herokuapp.com/]]>
              </value>
            </param>
            <param index="1">
              <value>
                <![CDATA[chrome]]>
              </value>
            </param>
            <param index="2">
              <value>
                <![CDATA[public void web.HerokuappTests.test_DynamicLoading()]]>
              </value>
            </param>
          </params>
          <reporter-output>
          </reporter-output>
        </test-method> <!-- setup -->
        <test-method status="PASS" signature="test_DynamicLoading()[pri:0, instance:web.HerokuappTests@71be98f5]" name="test_DynamicLoading" duration-ms="7998" started-at="2020-05-24T00:43:16Z" finished-at="2020-05-24T00:43:24Z">
          <reporter-output>
          </reporter-output>
        </test-method> <!-- test_DynamicLoading -->
        <test-method status="PASS" signature="teardown(org.testng.ITestResult, java.lang.reflect.Method)[pri:0, instance:web.HerokuappTests@71be98f5]" name="teardown" is-config="true" duration-ms="953" started-at="2020-05-24T00:43:24Z" finished-at="2020-05-24T00:43:25Z">
          <params>
            <param index="0">
              <value>
                <![CDATA[[TestResult name=test_DynamicLoading status=SUCCESS method=HerokuappTests.test_DynamicLoading()[pri:0, instance:web.HerokuappTests@71be98f5] output={null}]]]>
              </value>
            </param>
            <param index="1">
              <value>
                <![CDATA[public void web.HerokuappTests.test_DynamicLoading()]]>
              </value>
            </param>
          </params>
          <reporter-output>
          </reporter-output>
        </test-method> <!-- teardown -->
        <test-method status="PASS" signature="setup(java.lang.String, java.lang.String, java.lang.reflect.Method)[pri:0, instance:web.HerokuappTests@71be98f5]" name="setup" is-config="true" duration-ms="10933" started-at="2020-05-24T00:43:25Z" finished-at="2020-05-24T00:43:36Z">
          <params>
            <param index="0">
              <value>
                <![CDATA[https://the-internet.herokuapp.com/]]>
              </value>
            </param>
            <param index="1">
              <value>
                <![CDATA[chrome]]>
              </value>
            </param>
            <param index="2">
              <value>
                <![CDATA[public void web.HerokuappTests.test_FileUpload()]]>
              </value>
            </param>
          </params>
          <reporter-output>
          </reporter-output>
        </test-method> <!-- setup -->
        <test-method status="PASS" signature="test_FileUpload()[pri:0, instance:web.HerokuappTests@71be98f5]" name="test_FileUpload" duration-ms="7406" started-at="2020-05-24T00:43:36Z" finished-at="2020-05-24T00:43:44Z">
          <reporter-output>
          </reporter-output>
        </test-method> <!-- test_FileUpload -->
        <test-method status="PASS" signature="teardown(org.testng.ITestResult, java.lang.reflect.Method)[pri:0, instance:web.HerokuappTests@71be98f5]" name="teardown" is-config="true" duration-ms="983" started-at="2020-05-24T00:43:44Z" finished-at="2020-05-24T00:43:45Z">
          <params>
            <param index="0">
              <value>
                <![CDATA[[TestResult name=test_FileUpload status=SUCCESS method=HerokuappTests.test_FileUpload()[pri:0, instance:web.HerokuappTests@71be98f5] output={null}]]]>
              </value>
            </param>
            <param index="1">
              <value>
                <![CDATA[public void web.HerokuappTests.test_FileUpload()]]>
              </value>
            </param>
          </params>
          <reporter-output>
          </reporter-output>
        </test-method> <!-- teardown -->
      </class> <!-- web.HerokuappTests -->
    </test> <!-- Herokuapp -->
    <test name="API-CatFacts" duration-ms="6544" started-at="2020-05-23T22:43:45Z" finished-at="2020-05-23T22:43:51Z">
      <class name="api.TestGetRandomCat">
        <test-method status="PASS" signature="setup(java.lang.reflect.Method)[pri:0, instance:api.TestGetRandomCat@67b64c45]" name="setup" is-config="true" duration-ms="407" started-at="2020-05-24T00:43:45Z" finished-at="2020-05-24T00:43:45Z">
          <params>
            <param index="0">
              <value>
                <![CDATA[public void api.TestGetRandomCat.test_GetRandomeCatFact()]]>
              </value>
            </param>
          </params>
          <reporter-output>
          </reporter-output>
        </test-method> <!-- setup -->
        <test-method status="PASS" signature="test_GetRandomeCatFact()[pri:0, instance:api.TestGetRandomCat@67b64c45]" name="test_GetRandomeCatFact" duration-ms="6079" started-at="2020-05-24T00:43:45Z" finished-at="2020-05-24T00:43:51Z">
          <reporter-output>
          </reporter-output>
        </test-method> <!-- test_GetRandomeCatFact -->
        <test-method status="PASS" signature="teardown(org.testng.ITestResult, java.lang.reflect.Method)[pri:0, instance:api.TestGetRandomCat@67b64c45]" name="teardown" is-config="true" duration-ms="55" started-at="2020-05-24T00:43:51Z" finished-at="2020-05-24T00:43:51Z">
          <params>
            <param index="0">
              <value>
                <![CDATA[[TestResult name=test_GetRandomeCatFact status=SUCCESS method=TestGetRandomCat.test_GetRandomeCatFact()[pri:0, instance:api.TestGetRandomCat@67b64c45] output={null}]]]>
              </value>
            </param>
            <param index="1">
              <value>
                <![CDATA[public void api.TestGetRandomCat.test_GetRandomeCatFact()]]>
              </value>
            </param>
          </params>
          <reporter-output>
          </reporter-output>
        </test-method> <!-- teardown -->
      </class> <!-- api.TestGetRandomCat -->
    </test> <!-- API-CatFacts -->
  </suite> <!-- Suite -->
</testng-results>
